#
# There is insufficient memory for the Java Runtime Environment to continue.
# Native memory allocation (mmap) failed to map 268435456 bytes for G1 virtual space
# Possible reasons:
#   The system is out of physical RAM or swap space
#   The process is running with CompressedOops enabled, and the Java Heap may be blocking the growth of the native heap
# Possible solutions:
#   Reduce memory load on the system
#   Increase physical memory or swap space
#   Check if swap backing store is full
#   Decrease Java heap size (-Xmx/-Xms)
#   Decrease number of Java threads
#   Decrease Java thread stack sizes (-Xss)
#   Set larger code cache with -XX:ReservedCodeCacheSize=
#   JVM is running with Zero Based Compressed Oops mode in which the Java heap is
#     placed in the first 32GB address space. The Java Heap base address is the
#     maximum limit for the native heap growth. Please use -XX:HeapBaseMinAddress
#     to set the Java Heap base and to place the Java Heap above 32GB virtual address.
# This output file may be truncated or incomplete.
#
#  Out of Memory Error (os_windows.cpp:3548), pid=24036, tid=18996
#
# JRE version:  (17.0.11+7) (build )
# Java VM: Java HotSpot(TM) 64-Bit Server VM (17.0.11+7-LTS-207, mixed mode, sharing, tiered, compressed oops, compressed class ptrs, g1 gc, windows-amd64)
# No core dump will be written. Minidumps are not enabled by default on client versions of Windows
#

---------------  S U M M A R Y ------------

Command Line: org.jetbrains.kotlin.cli.jvm.K2JVMCompiler @D:\programacion\MyEventApp\Software\clieventapp\android\app\build\20241031_1543737929753883014.compiler.options

Host: Intel(R) Core(TM) i5-8400 CPU @ 2.80GHz, 6 cores, 15G,  Windows 10 , 64 bit Build 19041 (10.0.19041.4957)
Time: Thu Oct 31 21:18:01 2024 Hora estándar de Argentina elapsed time: 0.024637 seconds (0d 0h 0m 0s)

---------------  T H R E A D  ---------------

Current thread (0x0000028cc4b6b980):  JavaThread "Unknown thread" [_thread_in_vm, id=18996, stack(0x000000c9b0100000,0x000000c9b0200000)]

Stack: [0x000000c9b0100000,0x000000c9b0200000]
Native frames: (J=compiled Java code, j=interpreted, Vv=VM code, C=native code)
V  [jvm.dll+0x679cca]
V  [jvm.dll+0x7da13d]
V  [jvm.dll+0x7dba83]
V  [jvm.dll+0x7dc0f3]
V  [jvm.dll+0x2449af]
V  [jvm.dll+0x676ce9]
V  [jvm.dll+0x66b852]
V  [jvm.dll+0x3018d6]
V  [jvm.dll+0x308e76]
V  [jvm.dll+0x3596ee]
V  [jvm.dll+0x35991f]
V  [jvm.dll+0x2d89a8]
V  [jvm.dll+0x2d9914]
V  [jvm.dll+0x7ac6b1]
V  [jvm.dll+0x366f61]
V  [jvm.dll+0x78b609]
V  [jvm.dll+0x3ec22f]
V  [jvm.dll+0x3ede61]
C  [jli.dll+0x5297]
C  [ucrtbase.dll+0x21bb2]
C  [KERNEL32.DLL+0x17374]
C  [ntdll.dll+0x4cc91]


---------------  P R O C E S S  ---------------

Threads class SMR info:
_java_thread_list=0x00007ffe3d347a18, length=0, elements={
}

Java Threads: ( => current thread )

Other Threads:
  0x0000028cc4bd61a0 GCTaskThread "GC Thread#0" [stack: 0x000000c9b0200000,0x000000c9b0300000] [id=22956]
  0x0000028cc4be9020 ConcurrentGCThread "G1 Main Marker" [stack: 0x000000c9b0300000,0x000000c9b0400000] [id=19896]
  0x0000028cc4be9a30 ConcurrentGCThread "G1 Conc#0" [stack: 0x000000c9b0400000,0x000000c9b0500000] [id=20556]

[error occurred during error reporting (printing all threads), id 0xc0000005, EXCEPTION_ACCESS_VIOLATION (0xc0000005) at pc=0x00007ffe3cb79497]

VM state: not at safepoint (not fully initialized)

VM Mutex/Monitor currently owned by a thread:  ([mutex/lock_event])
[0x0000028cc4b698a0] Heap_lock - owner thread: 0x0000028cc4b6b980

Heap address: 0x0000000700e00000, size: 4082 MB, Compressed Oops mode: Zero based, Oop shift amount: 3

CDS archive(s) mapped at: [0x0000000000000000-0x0000000000000000-0x0000000000000000), size 0, SharedBaseAddress: 0x0000000800000000, ArchiveRelocationMode: 1.
Narrow klass base: 0x0000000000000000, Narrow klass shift: 0, Narrow klass range: 0x0

GC Precious Log:
<Empty>

Heap:
 garbage-first heap   total 0K, used 0K [0x0000000700e00000, 0x0000000800000000)
  region size 2048K, 0 young (0K), 0 survivors (0K)

[error occurred during error reporting (printing heap information), id 0xc0000005, EXCEPTION_ACCESS_VIOLATION (0xc0000005) at pc=0x00007ffe3cf63559]

GC Heap History (0 events):
No events

Deoptimization events (0 events):
No events

Classes unloaded (0 events):
No events

Classes redefined (0 events):
No events

Internal exceptions (0 events):
No events

VM Operations (0 events):
No events

Events (1 events):
Event: 0.017 Loaded shared library C:\Program Files\Java\jdk-17\bin\java.dll


Dynamic libraries:
0x00007ff764c10000 - 0x00007ff764c20000 	C:\Program Files\Java\jdk-17\bin\java.exe
0x00007ffe9e110000 - 0x00007ffe9e308000 	C:\Windows\SYSTEM32\ntdll.dll
0x00007ffe9c300000 - 0x00007ffe9c3c2000 	C:\Windows\System32\KERNEL32.DLL
0x00007ffe9bd10000 - 0x00007ffe9c00e000 	C:\Windows\System32\KERNELBASE.dll
0x00007ffe9b7b0000 - 0x00007ffe9b8b0000 	C:\Windows\System32\ucrtbase.dll
0x00007ffe97ca0000 - 0x00007ffe97cb9000 	C:\Program Files\Java\jdk-17\bin\jli.dll
0x00007ffe9d8e0000 - 0x00007ffe9d992000 	C:\Windows\System32\ADVAPI32.dll
0x00007ffe9d700000 - 0x00007ffe9d79e000 	C:\Windows\System32\msvcrt.dll
0x00007ffe9de90000 - 0x00007ffe9df30000 	C:\Windows\System32\sechost.dll
0x00007ffe9d450000 - 0x00007ffe9d573000 	C:\Windows\System32\RPCRT4.dll
0x00007ffe9bb50000 - 0x00007ffe9bb77000 	C:\Windows\System32\bcrypt.dll
0x00007ffe9df30000 - 0x00007ffe9e0cd000 	C:\Windows\System32\USER32.dll
0x00007ffe9bce0000 - 0x00007ffe9bd02000 	C:\Windows\System32\win32u.dll
0x00007ffe9c2d0000 - 0x00007ffe9c2fb000 	C:\Windows\System32\GDI32.dll
0x00007ffe9c010000 - 0x00007ffe9c127000 	C:\Windows\System32\gdi32full.dll
0x00007ffe9ba00000 - 0x00007ffe9ba9d000 	C:\Windows\System32\msvcp_win.dll
0x00007ffe97c30000 - 0x00007ffe97c4b000 	C:\Program Files\Java\jdk-17\bin\VCRUNTIME140.dll
0x00007ffe82a80000 - 0x00007ffe82d1a000 	C:\Windows\WinSxS\amd64_microsoft.windows.common-controls_6595b64144ccf1df_6.0.19041.4355_none_60b8b9eb71f62e16\COMCTL32.dll
0x00007ffe93570000 - 0x00007ffe9357a000 	C:\Windows\SYSTEM32\VERSION.dll
0x00007ffe9c580000 - 0x00007ffe9c5af000 	C:\Windows\System32\IMM32.DLL
0x00007ffe97c90000 - 0x00007ffe97c9c000 	C:\Program Files\Java\jdk-17\bin\vcruntime140_1.dll
0x00007ffe618c0000 - 0x00007ffe6194e000 	C:\Program Files\Java\jdk-17\bin\msvcp140.dll
0x00007ffe3c890000 - 0x00007ffe3d470000 	C:\Program Files\Java\jdk-17\bin\server\jvm.dll
0x00007ffe9cc70000 - 0x00007ffe9cc78000 	C:\Windows\System32\PSAPI.DLL
0x00007ffe98970000 - 0x00007ffe98979000 	C:\Windows\SYSTEM32\WSOCK32.dll
0x00007ffe9cb50000 - 0x00007ffe9cbbb000 	C:\Windows\System32\WS2_32.dll
0x00007ffe8bb80000 - 0x00007ffe8bba7000 	C:\Windows\SYSTEM32\WINMM.dll
0x00007ffe99650000 - 0x00007ffe99662000 	C:\Windows\SYSTEM32\kernel.appcore.dll
0x00007ffe97c70000 - 0x00007ffe97c7a000 	C:\Program Files\Java\jdk-17\bin\jimage.dll
0x00007ffe8b240000 - 0x00007ffe8b424000 	C:\Windows\SYSTEM32\DBGHELP.DLL
0x00007ffe7e830000 - 0x00007ffe7e864000 	C:\Windows\SYSTEM32\dbgcore.DLL
0x00007ffe9b8b0000 - 0x00007ffe9b932000 	C:\Windows\System32\bcryptPrimitives.dll
0x00007ffe914a0000 - 0x00007ffe914c5000 	C:\Program Files\Java\jdk-17\bin\java.dll

dbghelp: loaded successfully - version: 4.0.5 - missing functions: none
symbol engine: initialized successfully - sym options: 0x614 - pdb path: .;C:\Program Files\Java\jdk-17\bin;C:\Windows\SYSTEM32;C:\Windows\WinSxS\amd64_microsoft.windows.common-controls_6595b64144ccf1df_6.0.19041.4355_none_60b8b9eb71f62e16;C:\Program Files\Java\jdk-17\bin\server

VM Arguments:
java_command: org.jetbrains.kotlin.cli.jvm.K2JVMCompiler @D:\programacion\MyEventApp\Software\clieventapp\android\app\build\20241031_1543737929753883014.compiler.options
java_class_path (initial): C:\Users\Nicolas\.gradle\caches\modules-2\files-2.1\org.jetbrains.kotlin\kotlin-compiler-embeddable\1.9.22\9cd4dc7773cf2a99ecd961a88fbbc9a2da3fb5e1\kotlin-compiler-embeddable-1.9.22.jar;C:\Users\Nicolas\.gradle\caches\modules-2\files-2.1\org.jetbrains.kotlin\kotlin-stdlib\1.9.22\d6c44cd08d8f3f9bece8101216dbe6553365c6e3\kotlin-stdlib-1.9.22.jar;C:\Users\Nicolas\.gradle\caches\modules-2\files-2.1\org.jetbrains.kotlin\kotlin-script-runtime\1.9.22\f8139a46fc677ec9badc49ae954392f4f5e7e7c7\kotlin-script-runtime-1.9.22.jar;C:\Users\Nicolas\.gradle\caches\modules-2\files-2.1\org.jetbrains.kotlin\kotlin-reflect\1.6.10\1cbe9c92c12a94eea200d23c2bbaedaf3daf5132\kotlin-reflect-1.6.10.jar;C:\Users\Nicolas\.gradle\caches\modules-2\files-2.1\org.jetbrains.kotlin\kotlin-daemon-embeddable\1.9.22\20e2c5df715f3240c765cfc222530e2796542021\kotlin-daemon-embeddable-1.9.22.jar;C:\Users\Nicolas\.gradle\caches\modules-2\files-2.1\org.jetbrains.intellij.deps\trove4j\1.0.20200330\3afb14d5f9ceb459d724e907a21145e8ff394f02\trove4j-1.0.20200330.jar;C:\Users\Nicolas\.gradle\caches\modules-2\files-2.1\org.jetbrains\annotations\13.0\919f0dfe192fb4e063e7dacadee7f8bb9a2672a9\annotations-13.0.jar
Launcher Type: SUN_STANDARD

[Global flags]
     intx CICompilerCount                          = 3                                         {product} {ergonomic}
     uint ConcGCThreads                            = 2                                         {product} {ergonomic}
     uint G1ConcRefinementThreads                  = 6                                         {product} {ergonomic}
   size_t G1HeapRegionSize                         = 2097152                                   {product} {ergonomic}
    uintx GCDrainStackTargetSize                   = 64                                        {product} {ergonomic}
   size_t InitialHeapSize                          = 268435456                                 {product} {ergonomic}
   size_t MarkStackSize                            = 4194304                                   {product} {ergonomic}
   size_t MaxHeapSize                              = 4280287232                                {product} {ergonomic}
   size_t MinHeapDeltaBytes                        = 2097152                                   {product} {ergonomic}
   size_t MinHeapSize                              = 8388608                                   {product} {ergonomic}
    uintx NonNMethodCodeHeapSize                   = 5832780                                {pd product} {ergonomic}
    uintx NonProfiledCodeHeapSize                  = 122912730                              {pd product} {ergonomic}
    uintx ProfiledCodeHeapSize                     = 122912730                              {pd product} {ergonomic}
    uintx ReservedCodeCacheSize                    = 251658240                              {pd product} {ergonomic}
     bool SegmentedCodeCache                       = true                                      {product} {ergonomic}
   size_t SoftMaxHeapSize                          = 4280287232                             {manageable} {ergonomic}
     bool UseCompressedClassPointers               = true                           {product lp64_product} {ergonomic}
     bool UseCompressedOops                        = true                           {product lp64_product} {ergonomic}
     bool UseG1GC                                  = true                                      {product} {ergonomic}
     bool UseLargePagesIndividualAllocation        = false                                  {pd product} {ergonomic}

Logging:
Log output configuration:
 #0: stdout all=warning uptime,level,tags
 #1: stderr all=off uptime,level,tags

Environment Variables:
JAVA_HOME=C:\Program Files\Java\jdk-17
CLASSPATH=D:\programacion\MyEventApp\Software\clieventapp\android\\gradle\wrapper\gradle-wrapper.jar
PATH=D:\programacion\MyEventApp\Software\clieventapp\node_modules\.bin;D:\programacion\MyEventApp\Software\clieventapp\node_modules\.bin;D:\programacion\MyEventApp\Software\node_modules\.bin;D:\programacion\MyEventApp\node_modules\.bin;D:\programacion\node_modules\.bin;D:\node_modules\.bin;C:\Users\Nicolas\AppData\Roaming\nvm\v22.3.0\node_modules\npm\node_modules\@npmcli\run-script\lib\node-gyp-bin;D:\programacion\MyEventApp\Software\clieventapp\node_modules\.bin;D:\programacion\MyEventApp\Software\node_modules\.bin;D:\programacion\MyEventApp\node_modules\.bin;D:\programacion\node_modules\.bin;D:\node_modules\.bin;C:\Users\Nicolas\AppData\Roaming\nvm\v22.3.0\node_modules\npm\node_modules\@npmcli\run-script\lib\node-gyp-bin;C:\Program Files\Java\jdk-17\bin;C:\Users\Nicolas\AppData\Local\Android\Sdk\platform-tools;%LOCALAPPDATA%\Android\Sdk\platform-tools;C:\Program Files\Rockwell Software\RSCommon;C:\ProgramData\Oracle\Java\javapath;C:\Program Files\Common Files\Oracle\Java\javapath;C:\Program Files (x86)\Common Files\Oracle\Java\java8path;C:\Program Files (x86)\Common Files\Oracle\Java\javapath;C:\Program Files (x86)\Common Files\Intel\Shared Libraries\redist\intel64\compiler;C:\Program Files\dotnet\;C:\Program Files\Microsoft SQL Server\Client SDK\ODBC\170\Tools\Binn\;C:\Program Files (x86)\Microsoft SQL Server\150\Tools\Binn\;C:\Program Files\Microsoft SQL Server\150\Tools\Binn\;C:\Program Files\Microsoft SQL Server\150\DTS\Binn\;C:\Program Files (x86)\Microsoft SQL Server\150\DTS\Binn\;C:\Program Files\Azure Data Studio\bin;D:\git\Git\cmd;C:\Program Files\NVIDIA Corporation\NVIDIA NvDLISR;C:\Program Files (x86)\NVIDIA Corporation\PhysX\Common;C:\Users\Nicolas\AppData\Roaming\nvm;C:\Program Files\nodejs;C:\ProgramData\chocolatey\bin;C:\Users\Nicolas\AppData\Local\Android\Sdk\platforms;C:\Users\Nicolas\AppData\Local\Android\Sdk\emulator;C:\Program Files\MySQL\MySQL Shell 8.0\bin\;C:\Users\Nicolas\AppData\Local\Microsoft\WindowsApps;D:\Visual Studio Code\Microsoft VS C
USERNAME=Nicolas
LANG=es_ES.UTF-8
OS=Windows_NT
PROCESSOR_IDENTIFIER=Intel64 Family 6 Model 158 Stepping 10, GenuineIntel



---------------  S Y S T E M  ---------------

OS:
 Windows 10 , 64 bit Build 19041 (10.0.19041.4957)
OS uptime: 13 days 0:04 hours

CPU: total 6 (initial active 6) (6 cores per cpu, 1 threads per core) family 6 model 158 stepping 10 microcode 0xb4, cx8, cmov, fxsr, mmx, 3dnowpref, sse, sse2, sse3, ssse3, sse4.1, sse4.2, popcnt, lzcnt, tsc, tscinvbit, avx, avx2, aes, erms, clmul, bmi1, bmi2, adx, fma, vzeroupper, clflush, clflushopt

Memory: 4k page, system-wide physical 16323M (1249M free)
TotalPageFile size 26075M (AvailPageFile size 55M)
current process WorkingSet (physical memory assigned to process): 10M, peak: 10M
current process commit charge ("private bytes"): 56M, peak: 312M

vm_info: Java HotSpot(TM) 64-Bit Server VM (17.0.11+7-LTS-207) for windows-amd64 JRE (17.0.11+7-LTS-207), built on Mar 11 2024 19:01:50 by "mach5one" with MS VC++ 17.6 (VS2022)

END.
